<?xml version="1.1" encoding="UTF-8"?>
<testsuite name="poiati.bobby.Neo4JPersonRepositoryTest" tests="1" failures="0" errors="0" timestamp="2013-06-05T03:06:55" hostname="Paulos-MacBook-Air.local" time="2.672">
  <properties/>
  <testcase name="testCreate" classname="poiati.bobby.Neo4JPersonRepositoryTest" time="2.672"/>
  <system-out><![CDATA[]]></system-out>
  <system-err><![CDATA[]]></system-err>
</testsuite>
